{"/Users/john/Development/whisper-mcp/src/tools/models.ts": {"path":"/Users/john/Development/whisper-mcp/src/tools/models.ts","statementMap":{"0":{"start":{"line":7,"column":6},"end":{"line":7,"column":null}},"1":{"start":{"line":17,"column":63},"end":{"line":23,"column":null}},"2":{"start":{"line":25,"column":20},"end":{"line":25,"column":null}},"3":{"start":{"line":27,"column":2},"end":{"line":27,"column":null}},"4":{"start":{"line":30,"column":20},"end":{"line":30,"column":null}},"5":{"start":{"line":31,"column":2},"end":{"line":35,"column":null}},"6":{"start":{"line":32,"column":4},"end":{"line":34,"column":null}},"7":{"start":{"line":36,"column":2},"end":{"line":36,"column":null}},"8":{"start":{"line":40,"column":2},"end":{"line":45,"column":null}},"9":{"start":{"line":41,"column":22},"end":{"line":41,"column":null}},"10":{"start":{"line":42,"column":4},"end":{"line":42,"column":null}},"11":{"start":{"line":44,"column":4},"end":{"line":44,"column":null}},"12":{"start":{"line":53,"column":2},"end":{"line":55,"column":null}},"13":{"start":{"line":54,"column":4},"end":{"line":54,"column":null}},"14":{"start":{"line":57,"column":30},"end":{"line":57,"column":null}},"15":{"start":{"line":59,"column":2},"end":{"line":70,"column":null}},"16":{"start":{"line":60,"column":22},"end":{"line":60,"column":null}},"17":{"start":{"line":61,"column":23},"end":{"line":61,"column":null}},"18":{"start":{"line":63,"column":4},"end":{"line":69,"column":null}},"19":{"start":{"line":72,"column":2},"end":{"line":72,"column":null}},"20":{"start":{"line":78,"column":20},"end":{"line":78,"column":null}},"21":{"start":{"line":79,"column":2},"end":{"line":83,"column":null}},"22":{"start":{"line":80,"column":4},"end":{"line":82,"column":null}},"23":{"start":{"line":86,"column":2},"end":{"line":88,"column":null}},"24":{"start":{"line":87,"column":4},"end":{"line":87,"column":null}},"25":{"start":{"line":90,"column":20},"end":{"line":90,"column":null}},"26":{"start":{"line":91,"column":22},"end":{"line":91,"column":null}},"27":{"start":{"line":94,"column":2},"end":{"line":101,"column":null}},"28":{"start":{"line":95,"column":4},"end":{"line":100,"column":null}},"29":{"start":{"line":104,"column":2},"end":{"line":131,"column":null}},"30":{"start":{"line":105,"column":4},"end":{"line":105,"column":null}},"31":{"start":{"line":106,"column":4},"end":{"line":108,"column":null}},"32":{"start":{"line":111,"column":4},"end":{"line":113,"column":null}},"33":{"start":{"line":112,"column":6},"end":{"line":112,"column":null}},"34":{"start":{"line":115,"column":18},"end":{"line":115,"column":null}},"35":{"start":{"line":116,"column":4},"end":{"line":120,"column":null}},"36":{"start":{"line":118,"column":6},"end":{"line":118,"column":null}},"37":{"start":{"line":119,"column":6},"end":{"line":119,"column":null}},"38":{"start":{"line":122,"column":4},"end":{"line":127,"column":null}},"39":{"start":{"line":129,"column":20},"end":{"line":129,"column":null}},"40":{"start":{"line":130,"column":4},"end":{"line":130,"column":null}}},"fnMap":{"0":{"name":"getModelPath","decl":{"start":{"line":29,"column":16},"end":{"line":29,"column":29}},"loc":{"start":{"line":29,"column":52},"end":{"line":37,"column":null}},"line":29},"1":{"name":"isModelDownloaded","decl":{"start":{"line":39,"column":16},"end":{"line":39,"column":34}},"loc":{"start":{"line":39,"column":58},"end":{"line":46,"column":null}},"line":39},"2":{"name":"listModels","decl":{"start":{"line":48,"column":22},"end":{"line":48,"column":null}},"loc":{"start":{"line":51,"column":3},"end":{"line":73,"column":null}},"line":51},"3":{"name":"downloadModel","decl":{"start":{"line":75,"column":22},"end":{"line":75,"column":null}},"loc":{"start":{"line":77,"column":79},"end":{"line":132,"column":null}},"line":77}},"branchMap":{"0":{"loc":{"start":{"line":31,"column":2},"end":{"line":35,"column":null}},"type":"if","locations":[{"start":{"line":31,"column":2},"end":{"line":35,"column":null}},{"start":{},"end":{}}],"line":31},"1":{"loc":{"start":{"line":53,"column":2},"end":{"line":55,"column":null}},"type":"if","locations":[{"start":{"line":53,"column":2},"end":{"line":55,"column":null}},{"start":{},"end":{}}],"line":53},"2":{"loc":{"start":{"line":79,"column":2},"end":{"line":83,"column":null}},"type":"if","locations":[{"start":{"line":79,"column":2},"end":{"line":83,"column":null}},{"start":{},"end":{}}],"line":79},"3":{"loc":{"start":{"line":86,"column":2},"end":{"line":88,"column":null}},"type":"if","locations":[{"start":{"line":86,"column":2},"end":{"line":88,"column":null}},{"start":{},"end":{}}],"line":86},"4":{"loc":{"start":{"line":94,"column":2},"end":{"line":101,"column":null}},"type":"if","locations":[{"start":{"line":94,"column":2},"end":{"line":101,"column":null}},{"start":{},"end":{}}],"line":94},"5":{"loc":{"start":{"line":111,"column":4},"end":{"line":113,"column":null}},"type":"if","locations":[{"start":{"line":111,"column":4},"end":{"line":113,"column":null}},{"start":{},"end":{}}],"line":111},"6":{"loc":{"start":{"line":116,"column":4},"end":{"line":120,"column":null}},"type":"if","locations":[{"start":{"line":116,"column":4},"end":{"line":120,"column":null}},{"start":{},"end":{}}],"line":116},"7":{"loc":{"start":{"line":129,"column":20},"end":{"line":129,"column":null}},"type":"cond-expr","locations":[{"start":{"line":129,"column":45},"end":{"line":129,"column":61}},{"start":{"line":129,"column":61},"end":{"line":129,"column":null}}],"line":129}},"s":{"0":17,"1":17,"2":17,"3":17,"4":7,"5":7,"6":4,"7":3,"8":3,"9":3,"10":3,"11":1,"12":4,"13":4,"14":4,"15":4,"16":20,"17":20,"18":20,"19":4,"20":7,"21":7,"22":1,"23":6,"24":5,"25":6,"26":6,"27":6,"28":1,"29":5,"30":5,"31":5,"32":5,"33":3,"34":2,"35":2,"36":1,"37":1,"38":1,"39":4,"40":4},"f":{"0":7,"1":3,"2":4,"3":7},"b":{"0":[4,3],"1":[4,0],"2":[1,6],"3":[5,1],"4":[1,5],"5":[3,2],"6":[1,1],"7":[4,0]},"meta":{"lastBranch":8,"lastFunction":4,"lastStatement":41,"seen":{"s:7:6:7:Infinity":0,"s:17:63:23:Infinity":1,"s:25:20:25:Infinity":2,"s:27:2:27:Infinity":3,"f:29:16:29:29":0,"s:30:20:30:Infinity":4,"b:31:2:35:Infinity:undefined:undefined:undefined:undefined":0,"s:31:2:35:Infinity":5,"s:32:4:34:Infinity":6,"s:36:2:36:Infinity":7,"f:39:16:39:34":1,"s:40:2:45:Infinity":8,"s:41:22:41:Infinity":9,"s:42:4:42:Infinity":10,"s:44:4:44:Infinity":11,"f:48:22:48:Infinity":2,"b:53:2:55:Infinity:undefined:undefined:undefined:undefined":1,"s:53:2:55:Infinity":12,"s:54:4:54:Infinity":13,"s:57:30:57:Infinity":14,"s:59:2:70:Infinity":15,"s:60:22:60:Infinity":16,"s:61:23:61:Infinity":17,"s:63:4:69:Infinity":18,"s:72:2:72:Infinity":19,"f:75:22:75:Infinity":3,"s:78:20:78:Infinity":20,"b:79:2:83:Infinity:undefined:undefined:undefined:undefined":2,"s:79:2:83:Infinity":21,"s:80:4:82:Infinity":22,"b:86:2:88:Infinity:undefined:undefined:undefined:undefined":3,"s:86:2:88:Infinity":23,"s:87:4:87:Infinity":24,"s:90:20:90:Infinity":25,"s:91:22:91:Infinity":26,"b:94:2:101:Infinity:undefined:undefined:undefined:undefined":4,"s:94:2:101:Infinity":27,"s:95:4:100:Infinity":28,"s:104:2:131:Infinity":29,"s:105:4:105:Infinity":30,"s:106:4:108:Infinity":31,"b:111:4:113:Infinity:undefined:undefined:undefined:undefined":5,"s:111:4:113:Infinity":32,"s:112:6:112:Infinity":33,"s:115:18:115:Infinity":34,"b:116:4:120:Infinity:undefined:undefined:undefined:undefined":6,"s:116:4:120:Infinity":35,"s:118:6:118:Infinity":36,"s:119:6:119:Infinity":37,"s:122:4:127:Infinity":38,"s:129:20:129:Infinity":39,"b:129:45:129:61:129:61:129:Infinity":7,"s:130:4:130:Infinity":40}}}
,"/Users/john/Development/whisper-mcp/src/tools/transcribe.ts": {"path":"/Users/john/Development/whisper-mcp/src/tools/transcribe.ts","statementMap":{"0":{"start":{"line":8,"column":6},"end":{"line":8,"column":null}},"1":{"start":{"line":30,"column":18},"end":{"line":30,"column":null}},"2":{"start":{"line":31,"column":19},"end":{"line":31,"column":null}},"3":{"start":{"line":32,"column":18},"end":{"line":32,"column":null}},"4":{"start":{"line":35,"column":2},"end":{"line":37,"column":null}},"5":{"start":{"line":39,"column":2},"end":{"line":41,"column":null}},"6":{"start":{"line":43,"column":2},"end":{"line":43,"column":null}},"7":{"start":{"line":49,"column":72},"end":{"line":49,"column":null}},"8":{"start":{"line":50,"column":16},"end":{"line":50,"column":null}},"9":{"start":{"line":52,"column":2},"end":{"line":74,"column":null}},"10":{"start":{"line":54,"column":18},"end":{"line":56,"column":null}},"11":{"start":{"line":57,"column":4},"end":{"line":73,"column":null}},"12":{"start":{"line":58,"column":21},"end":{"line":58,"column":null}},"13":{"start":{"line":59,"column":21},"end":{"line":59,"column":null}},"14":{"start":{"line":60,"column":21},"end":{"line":60,"column":null}},"15":{"start":{"line":61,"column":19},"end":{"line":61,"column":null}},"16":{"start":{"line":62,"column":19},"end":{"line":62,"column":null}},"17":{"start":{"line":63,"column":19},"end":{"line":63,"column":null}},"18":{"start":{"line":64,"column":19},"end":{"line":64,"column":null}},"19":{"start":{"line":66,"column":6},"end":{"line":72,"column":null}},"20":{"start":{"line":67,"column":8},"end":{"line":71,"column":null}},"21":{"start":{"line":76,"column":2},"end":{"line":76,"column":null}},"22":{"start":{"line":87,"column":6},"end":{"line":87,"column":null}},"23":{"start":{"line":90,"column":2},"end":{"line":92,"column":null}},"24":{"start":{"line":91,"column":4},"end":{"line":91,"column":null}},"25":{"start":{"line":95,"column":2},"end":{"line":101,"column":null}},"26":{"start":{"line":96,"column":4},"end":{"line":96,"column":null}},"27":{"start":{"line":98,"column":4},"end":{"line":100,"column":null}},"28":{"start":{"line":104,"column":8},"end":{"line":104,"column":null}},"29":{"start":{"line":105,"column":2},"end":{"line":109,"column":null}},"30":{"start":{"line":106,"column":4},"end":{"line":108,"column":null}},"31":{"start":{"line":113,"column":14},"end":{"line":113,"column":null}},"32":{"start":{"line":115,"column":2},"end":{"line":120,"column":null}},"33":{"start":{"line":117,"column":4},"end":{"line":117,"column":null}},"34":{"start":{"line":119,"column":4},"end":{"line":119,"column":null}},"35":{"start":{"line":122,"column":2},"end":{"line":176,"column":null}},"36":{"start":{"line":124,"column":31},"end":{"line":127,"column":null}},"37":{"start":{"line":129,"column":23},"end":{"line":129,"column":null}},"38":{"start":{"line":132,"column":15},"end":{"line":132,"column":null}},"39":{"start":{"line":133,"column":72},"end":{"line":133,"column":null}},"40":{"start":{"line":136,"column":4},"end":{"line":136,"column":null}},"41":{"start":{"line":139,"column":4},"end":{"line":143,"column":null}},"42":{"start":{"line":140,"column":18},"end":{"line":140,"column":24}},"43":{"start":{"line":146,"column":4},"end":{"line":152,"column":null}},"44":{"start":{"line":147,"column":6},"end":{"line":151,"column":null}},"45":{"start":{"line":149,"column":26},"end":{"line":149,"column":76}},"46":{"start":{"line":154,"column":37},"end":{"line":158,"column":null}},"47":{"start":{"line":160,"column":4},"end":{"line":162,"column":null}},"48":{"start":{"line":161,"column":6},"end":{"line":161,"column":null}},"49":{"start":{"line":165,"column":4},"end":{"line":167,"column":null}},"50":{"start":{"line":166,"column":6},"end":{"line":166,"column":null}},"51":{"start":{"line":169,"column":4},"end":{"line":169,"column":null}},"52":{"start":{"line":172,"column":4},"end":{"line":174,"column":null}},"53":{"start":{"line":173,"column":6},"end":{"line":173,"column":null}},"54":{"start":{"line":175,"column":4},"end":{"line":175,"column":null}}},"fnMap":{"0":{"name":"convertToWav","decl":{"start":{"line":29,"column":15},"end":{"line":29,"column":28}},"loc":{"start":{"line":29,"column":64},"end":{"line":44,"column":null}},"line":29},"1":{"name":"parseTimestampedOutput","decl":{"start":{"line":46,"column":9},"end":{"line":46,"column":null}},"loc":{"start":{"line":48,"column":55},"end":{"line":77,"column":null}},"line":48},"2":{"name":"transcribeAudio","decl":{"start":{"line":79,"column":22},"end":{"line":79,"column":null}},"loc":{"start":{"line":81,"column":29},"end":{"line":177,"column":null}},"line":81},"3":{"name":"(anonymous_3)","decl":{"start":{"line":140,"column":11},"end":{"line":140,"column":12}},"loc":{"start":{"line":140,"column":18},"end":{"line":140,"column":24}},"line":140},"4":{"name":"(anonymous_4)","decl":{"start":{"line":149,"column":16},"end":{"line":149,"column":17}},"loc":{"start":{"line":149,"column":26},"end":{"line":149,"column":76}},"line":149}},"branchMap":{"0":{"loc":{"start":{"line":35,"column":2},"end":{"line":37,"column":null}},"type":"if","locations":[{"start":{"line":35,"column":2},"end":{"line":37,"column":null}},{"start":{},"end":{}}],"line":35},"1":{"loc":{"start":{"line":57,"column":4},"end":{"line":73,"column":null}},"type":"if","locations":[{"start":{"line":57,"column":4},"end":{"line":73,"column":null}},{"start":{},"end":{}}],"line":57},"2":{"loc":{"start":{"line":66,"column":6},"end":{"line":72,"column":null}},"type":"if","locations":[{"start":{"line":66,"column":6},"end":{"line":72,"column":null}},{"start":{},"end":{}}],"line":66},"3":{"loc":{"start":{"line":66,"column":10},"end":{"line":66,"column":41}},"type":"binary-expr","locations":[{"start":{"line":66,"column":10},"end":{"line":66,"column":18}},{"start":{"line":66,"column":18},"end":{"line":66,"column":41}}],"line":66},"4":{"loc":{"start":{"line":84,"column":4},"end":{"line":84,"column":null}},"type":"default-arg","locations":[{"start":{"line":84,"column":12},"end":{"line":84,"column":null}}],"line":84},"5":{"loc":{"start":{"line":85,"column":4},"end":{"line":85,"column":null}},"type":"default-arg","locations":[{"start":{"line":85,"column":15},"end":{"line":85,"column":null}}],"line":85},"6":{"loc":{"start":{"line":86,"column":4},"end":{"line":86,"column":null}},"type":"default-arg","locations":[{"start":{"line":86,"column":19},"end":{"line":86,"column":null}}],"line":86},"7":{"loc":{"start":{"line":90,"column":2},"end":{"line":92,"column":null}},"type":"if","locations":[{"start":{"line":90,"column":2},"end":{"line":92,"column":null}},{"start":{},"end":{}}],"line":90},"8":{"loc":{"start":{"line":105,"column":2},"end":{"line":109,"column":null}},"type":"if","locations":[{"start":{"line":105,"column":2},"end":{"line":109,"column":null}},{"start":{},"end":{}}],"line":105},"9":{"loc":{"start":{"line":115,"column":2},"end":{"line":120,"column":null}},"type":"if","locations":[{"start":{"line":115,"column":2},"end":{"line":120,"column":null}},{"start":{"line":118,"column":9},"end":{"line":120,"column":null}}],"line":115},"10":{"loc":{"start":{"line":146,"column":4},"end":{"line":152,"column":null}},"type":"if","locations":[{"start":{"line":146,"column":4},"end":{"line":152,"column":null}},{"start":{},"end":{}}],"line":146},"11":{"loc":{"start":{"line":146,"column":8},"end":{"line":146,"column":29}},"type":"binary-expr","locations":[{"start":{"line":146,"column":8},"end":{"line":146,"column":17}},{"start":{"line":146,"column":17},"end":{"line":146,"column":29}}],"line":146},"12":{"loc":{"start":{"line":149,"column":26},"end":{"line":149,"column":76}},"type":"binary-expr","locations":[{"start":{"line":149,"column":26},"end":{"line":149,"column":51}},{"start":{"line":149,"column":51},"end":{"line":149,"column":76}}],"line":149},"13":{"loc":{"start":{"line":160,"column":4},"end":{"line":162,"column":null}},"type":"if","locations":[{"start":{"line":160,"column":4},"end":{"line":162,"column":null}},{"start":{},"end":{}}],"line":160},"14":{"loc":{"start":{"line":160,"column":8},"end":{"line":160,"column":66}},"type":"binary-expr","locations":[{"start":{"line":160,"column":8},"end":{"line":160,"column":41}},{"start":{"line":160,"column":41},"end":{"line":160,"column":66}}],"line":160},"15":{"loc":{"start":{"line":165,"column":4},"end":{"line":167,"column":null}},"type":"if","locations":[{"start":{"line":165,"column":4},"end":{"line":167,"column":null}},{"start":{},"end":{}}],"line":165},"16":{"loc":{"start":{"line":165,"column":8},"end":{"line":165,"column":56}},"type":"binary-expr","locations":[{"start":{"line":165,"column":8},"end":{"line":165,"column":32}},{"start":{"line":165,"column":32},"end":{"line":165,"column":56}}],"line":165},"17":{"loc":{"start":{"line":172,"column":4},"end":{"line":174,"column":null}},"type":"if","locations":[{"start":{"line":172,"column":4},"end":{"line":174,"column":null}},{"start":{},"end":{}}],"line":172},"18":{"loc":{"start":{"line":172,"column":8},"end":{"line":172,"column":56}},"type":"binary-expr","locations":[{"start":{"line":172,"column":8},"end":{"line":172,"column":32}},{"start":{"line":172,"column":32},"end":{"line":172,"column":56}}],"line":172}},"s":{"0":13,"1":10,"2":10,"3":10,"4":10,"5":10,"6":10,"7":9,"8":9,"9":9,"10":12,"11":12,"12":8,"13":8,"14":8,"15":8,"16":8,"17":8,"18":8,"19":8,"20":8,"21":9,"22":13,"23":13,"24":1,"25":12,"26":12,"27":1,"28":11,"29":11,"30":1,"31":10,"32":10,"33":0,"34":10,"35":10,"36":10,"37":9,"38":9,"39":9,"40":9,"41":9,"42":8,"43":9,"44":2,"45":4,"46":9,"47":9,"48":3,"49":9,"50":9,"51":9,"52":1,"53":1,"54":1},"f":{"0":10,"1":9,"2":13,"3":8,"4":4},"b":{"0":[0,10],"1":[8,4],"2":[8,0],"3":[8,8],"4":[13],"5":[13],"6":[13],"7":[1,12],"8":[1,10],"9":[0,10],"10":[2,7],"11":[9,2],"12":[4,3],"13":[3,6],"14":[9,7],"15":[9,0],"16":[9,9],"17":[1,0],"18":[1,1]},"meta":{"lastBranch":19,"lastFunction":5,"lastStatement":55,"seen":{"s:8:6:8:Infinity":0,"f:29:15:29:28":0,"s:30:18:30:Infinity":1,"s:31:19:31:Infinity":2,"s:32:18:32:Infinity":3,"b:35:2:37:Infinity:undefined:undefined:undefined:undefined":0,"s:35:2:37:Infinity":4,"s:39:2:41:Infinity":5,"s:43:2:43:Infinity":6,"f:46:9:46:Infinity":1,"s:49:72:49:Infinity":7,"s:50:16:50:Infinity":8,"s:52:2:74:Infinity":9,"s:54:18:56:Infinity":10,"b:57:4:73:Infinity:undefined:undefined:undefined:undefined":1,"s:57:4:73:Infinity":11,"s:58:21:58:Infinity":12,"s:59:21:59:Infinity":13,"s:60:21:60:Infinity":14,"s:61:19:61:Infinity":15,"s:62:19:62:Infinity":16,"s:63:19:63:Infinity":17,"s:64:19:64:Infinity":18,"b:66:6:72:Infinity:undefined:undefined:undefined:undefined":2,"s:66:6:72:Infinity":19,"b:66:10:66:18:66:18:66:41":3,"s:67:8:71:Infinity":20,"s:76:2:76:Infinity":21,"f:79:22:79:Infinity":2,"s:87:6:87:Infinity":22,"b:84:12:84:Infinity":4,"b:85:15:85:Infinity":5,"b:86:19:86:Infinity":6,"b:90:2:92:Infinity:undefined:undefined:undefined:undefined":7,"s:90:2:92:Infinity":23,"s:91:4:91:Infinity":24,"s:95:2:101:Infinity":25,"s:96:4:96:Infinity":26,"s:98:4:100:Infinity":27,"s:104:8:104:Infinity":28,"b:105:2:109:Infinity:undefined:undefined:undefined:undefined":8,"s:105:2:109:Infinity":29,"s:106:4:108:Infinity":30,"s:113:14:113:Infinity":31,"b:115:2:120:Infinity:118:9:120:Infinity":9,"s:115:2:120:Infinity":32,"s:117:4:117:Infinity":33,"s:119:4:119:Infinity":34,"s:122:2:176:Infinity":35,"s:124:31:127:Infinity":36,"s:129:23:129:Infinity":37,"s:132:15:132:Infinity":38,"s:133:72:133:Infinity":39,"s:136:4:136:Infinity":40,"s:139:4:143:Infinity":41,"f:140:11:140:12":3,"s:140:18:140:24":42,"b:146:4:152:Infinity:undefined:undefined:undefined:undefined":10,"s:146:4:152:Infinity":43,"b:146:8:146:17:146:17:146:29":11,"s:147:6:151:Infinity":44,"f:149:16:149:17":4,"s:149:26:149:76":45,"b:149:26:149:51:149:51:149:76":12,"s:154:37:158:Infinity":46,"b:160:4:162:Infinity:undefined:undefined:undefined:undefined":13,"s:160:4:162:Infinity":47,"b:160:8:160:41:160:41:160:66":14,"s:161:6:161:Infinity":48,"b:165:4:167:Infinity:undefined:undefined:undefined:undefined":15,"s:165:4:167:Infinity":49,"b:165:8:165:32:165:32:165:56":16,"s:166:6:166:Infinity":50,"s:169:4:169:Infinity":51,"b:172:4:174:Infinity:undefined:undefined:undefined:undefined":17,"s:172:4:174:Infinity":52,"b:172:8:172:32:172:32:172:56":18,"s:173:6:173:Infinity":53,"s:175:4:175:Infinity":54}}}
}
